# JRE version: OpenJDK Runtime Environment (11.0.10) (build 11.0.10+0-b96-7249189)
# Java VM: OpenJDK 64-Bit Server VM (11.0.10+0-b96-7249189, mixed mode, tiered, compressed oops, g1 gc, windows-amd64)
Heap:
 garbage-first heap   total 131072K, used 74076K [0x00000000a0000000, 0x0000000100000000)
  region size 1024K, 21 young (21504K), 5 survivors (5120K)
 Metaspace       used 69948K, capacity 71696K, committed 71720K, reserved 1112064K
  class space    used 8835K, capacity 9463K, committed 9472K, reserved 1048576K
GC Heap History (20 events):
Event: 29.526 GC heap before
{Heap before GC invocations=7 (full 0):
 garbage-first heap   total 131072K, used 33062K [0x00000000a0000000, 0x0000000100000000)
  region size 1024K, 19 young (19456K), 6 survivors (6144K)
 Metaspace       used 35136K, capacity 35921K, committed 36048K, reserved 1081344K
  class space    used 4539K, capacity 4840K, committed 4864K, reserved 1048576K
}
Event: 29.544 GC heap after
{Heap after GC invocations=8 (full 0):
 garbage-first heap   total 131072K, used 22935K [0x00000000a0000000, 0x0000000100000000)
  region size 1024K, 6 young (6144K), 6 survivors (6144K)
 Metaspace       used 35136K, capacity 35921K, committed 36048K, reserved 1081344K
  class space    used 4539K, capacity 4840K, committed 4864K, reserved 1048576K
}
Event: 32.398 GC heap before
{Heap before GC invocations=9 (full 0):
 garbage-first heap   total 131072K, used 85399K [0x00000000a0000000, 0x0000000100000000)
  region size 1024K, 65 young (66560K), 6 survivors (6144K)
 Metaspace       used 40459K, capacity 41369K, committed 41500K, reserved 1085440K
  class space    used 5140K, capacity 5476K, committed 5504K, reserved 1048576K
}
Event: 32.412 GC heap after
{Heap after GC invocations=10 (full 0):
 garbage-first heap   total 131072K, used 27729K [0x00000000a0000000, 0x0000000100000000)
  region size 1024K, 9 young (9216K), 9 survivors (9216K)
 Metaspace       used 40459K, capacity 41369K, committed 41500K, reserved 1085440K
  class space    used 5140K, capacity 5476K, committed 5504K, reserved 1048576K
}
Event: 35.074 GC heap before
{Heap before GC invocations=10 (full 0):
 garbage-first heap   total 131072K, used 88145K [0x00000000a0000000, 0x0000000100000000)
  region size 1024K, 68 young (69632K), 9 survivors (9216K)
 Metaspace       used 45130K, capacity 46140K, committed 46236K, reserved 1089536K
  class space    used 5738K, capacity 6080K, committed 6144K, reserved 1048576K
}
Event: 35.091 GC heap after
{Heap after GC invocations=11 (full 0):
 garbage-first heap   total 131072K, used 30562K [0x00000000a0000000, 0x0000000100000000)
  region size 1024K, 8 young (8192K), 8 survivors (8192K)
 Metaspace       used 45130K, capacity 46140K, committed 46236K, reserved 1089536K
  class space    used 5738K, capacity 6080K, committed 6144K, reserved 1048576K
}
Event: 38.077 GC heap before
{Heap before GC invocations=11 (full 0):
 garbage-first heap   total 131072K, used 90978K [0x00000000a0000000, 0x0000000100000000)
  region size 1024K, 67 young (68608K), 8 survivors (8192K)
 Metaspace       used 48856K, capacity 50035K, committed 50076K, reserved 1093632K
  class space    used 6207K, capacity 6653K, committed 6656K, reserved 1048576K
}
Event: 38.094 GC heap after
{Heap after GC invocations=12 (full 0):
 garbage-first heap   total 131072K, used 33427K [0x00000000a0000000, 0x0000000100000000)
  region size 1024K, 7 young (7168K), 7 survivors (7168K)
 Metaspace       used 48856K, capacity 50035K, committed 50076K, reserved 1093632K
  class space    used 6207K, capacity 6653K, committed 6656K, reserved 1048576K
}
Event: 40.730 GC heap before
{Heap before GC invocations=12 (full 0):
 garbage-first heap   total 131072K, used 93843K [0x00000000a0000000, 0x0000000100000000)
  region size 1024K, 67 young (68608K), 7 survivors (7168K)
 Metaspace       used 52243K, capacity 53547K, committed 53788K, reserved 1095680K
  class space    used 6712K, capacity 7180K, committed 7296K, reserved 1048576K
}
Event: 40.745 GC heap after
{Heap after GC invocations=13 (full 0):
 garbage-first heap   total 131072K, used 36589K [0x00000000a0000000, 0x0000000100000000)
  region size 1024K, 6 young (6144K), 6 survivors (6144K)
 Metaspace       used 52243K, capacity 53547K, committed 53788K, reserved 1095680K
  class space    used 6712K, capacity 7180K, committed 7296K, reserved 1048576K
}
Event: 42.657 GC heap before
{Heap before GC invocations=13 (full 0):
 garbage-first heap   total 131072K, used 106221K [0x00000000a0000000, 0x0000000100000000)
  region size 1024K, 66 young (67584K), 6 survivors (6144K)
 Metaspace       used 53046K, capacity 54478K, committed 54684K, reserved 1097728K
  class space    used 6797K, capacity 7320K, committed 7424K, reserved 1048576K
}
Event: 42.669 GC heap after
{Heap after GC invocations=14 (full 0):
 garbage-first heap   total 131072K, used 51527K [0x00000000a0000000, 0x0000000100000000)
  region size 1024K, 9 young (9216K), 9 survivors (9216K)
 Metaspace       used 53046K, capacity 54478K, committed 54684K, reserved 1097728K
  class space    used 6797K, capacity 7320K, committed 7424K, reserved 1048576K
}
Event: 45.394 GC heap before
{Heap before GC invocations=14 (full 0):
 garbage-first heap   total 131072K, used 101703K [0x00000000a0000000, 0x0000000100000000)
  region size 1024K, 58 young (59392K), 9 survivors (9216K)
 Metaspace       used 58522K, capacity 60102K, committed 60188K, reserved 1101824K
  class space    used 7464K, capacity 8064K, committed 8064K, reserved 1048576K
}
Event: 45.404 GC heap after
{Heap after GC invocations=15 (full 0):
 garbage-first heap   total 131072K, used 54424K [0x00000000a0000000, 0x0000000100000000)
  region size 1024K, 3 young (3072K), 3 survivors (3072K)
 Metaspace       used 58522K, capacity 60102K, committed 60188K, reserved 1101824K
  class space    used 7464K, capacity 8064K, committed 8064K, reserved 1048576K
}
Event: 45.580 GC heap before
{Heap before GC invocations=15 (full 0):
 garbage-first heap   total 131072K, used 57496K [0x00000000a0000000, 0x0000000100000000)
  region size 1024K, 7 young (7168K), 3 survivors (3072K)
 Metaspace       used 58895K, capacity 60454K, committed 60572K, reserved 1101824K
  class space    used 7512K, capacity 8096K, committed 8192K, reserved 1048576K
}
Event: 45.586 GC heap after
{Heap after GC invocations=16 (full 0):
 garbage-first heap   total 131072K, used 53978K [0x00000000a0000000, 0x0000000100000000)
  region size 1024K, 3 young (3072K), 3 survivors (3072K)
 Metaspace       used 58895K, capacity 60454K, committed 60572K, reserved 1101824K
  class space    used 7512K, capacity 8096K, committed 8192K, reserved 1048576K
}
Event: 47.793 GC heap before
{Heap before GC invocations=17 (full 0):
 garbage-first heap   total 131072K, used 93914K [0x00000000a0000000, 0x0000000100000000)
  region size 1024K, 42 young (43008K), 3 survivors (3072K)
 Metaspace       used 63954K, capacity 65650K, committed 65960K, reserved 1105920K
  class space    used 8113K, capacity 8713K, committed 8832K, reserved 1048576K
}
Event: 47.803 GC heap after
{Heap after GC invocations=18 (full 0):
 garbage-first heap   total 131072K, used 55264K [0x00000000a0000000, 0x0000000100000000)
  region size 1024K, 4 young (4096K), 4 survivors (4096K)
 Metaspace       used 63954K, capacity 65650K, committed 65960K, reserved 1105920K
  class space    used 8113K, capacity 8713K, committed 8832K, reserved 1048576K
}
Event: 50.253 GC heap before
{Heap before GC invocations=18 (full 0):
 garbage-first heap   total 131072K, used 96224K [0x00000000a0000000, 0x0000000100000000)
  region size 1024K, 45 young (46080K), 4 survivors (4096K)
 Metaspace       used 68779K, capacity 70504K, committed 70568K, reserved 1110016K
  class space    used 8699K, capacity 9323K, committed 9344K, reserved 1048576K
}
Event: 50.263 GC heap after
{Heap after GC invocations=19 (full 0):
 garbage-first heap   total 131072K, used 58716K [0x00000000a0000000, 0x0000000100000000)
  region size 1024K, 5 young (5120K), 5 survivors (5120K)
 Metaspace       used 68779K, capacity 70504K, committed 70568K, reserved 1110016K
  class space    used 8699K, capacity 9323K, committed 9344K, reserved 1048576K
}

