# JRE version: OpenJDK Runtime Environment (11.0.10) (build 11.0.10+0-b96-7249189)
# Java VM: OpenJDK 64-Bit Server VM (11.0.10+0-b96-7249189, mixed mode, tiered, compressed oops, g1 gc, windows-amd64)
Heap:
 garbage-first heap   total 157696K, used 116193K [0x00000000a0000000, 0x0000000100000000)
  region size 1024K, 12 young (12288K), 2 survivors (2048K)
 Metaspace       used 92484K, capacity 95203K, committed 95516K, reserved 1132544K
  class space    used 12114K, capacity 13121K, committed 13184K, reserved 1048576K
GC Heap History (20 events):
Event: 27.010 GC heap before
{Heap before GC invocations=24 (full 0):
 garbage-first heap   total 131072K, used 109394K [0x00000000a0000000, 0x0000000100000000)
  region size 1024K, 39 young (39936K), 5 survivors (5120K)
 Metaspace       used 75974K, capacity 78046K, committed 78364K, reserved 1118208K
  class space    used 9800K, capacity 10500K, committed 10624K, reserved 1048576K
}
Event: 27.020 GC heap after
{Heap after GC invocations=25 (full 0):
 garbage-first heap   total 131072K, used 76712K [0x00000000a0000000, 0x0000000100000000)
  region size 1024K, 5 young (5120K), 5 survivors (5120K)
 Metaspace       used 75974K, capacity 78046K, committed 78364K, reserved 1118208K
  class space    used 9800K, capacity 10500K, committed 10624K, reserved 1048576K
}
Event: 27.401 GC heap before
{Heap before GC invocations=25 (full 0):
 garbage-first heap   total 131072K, used 109480K [0x00000000a0000000, 0x0000000100000000)
  region size 1024K, 37 young (37888K), 5 survivors (5120K)
 Metaspace       used 76904K, capacity 78937K, committed 79004K, reserved 1118208K
  class space    used 9971K, capacity 10734K, committed 10752K, reserved 1048576K
}
Event: 27.422 GC heap after
{Heap after GC invocations=26 (full 0):
 garbage-first heap   total 131072K, used 79872K [0x00000000a0000000, 0x0000000100000000)
  region size 1024K, 5 young (5120K), 5 survivors (5120K)
 Metaspace       used 76904K, capacity 78937K, committed 79004K, reserved 1118208K
  class space    used 9971K, capacity 10734K, committed 10752K, reserved 1048576K
}
Event: 27.980 GC heap before
{Heap before GC invocations=27 (full 0):
 garbage-first heap   total 131072K, used 110592K [0x00000000a0000000, 0x0000000100000000)
  region size 1024K, 35 young (35840K), 5 survivors (5120K)
 Metaspace       used 78374K, capacity 80546K, committed 80796K, reserved 1120256K
  class space    used 10192K, capacity 11004K, committed 11008K, reserved 1048576K
}
Event: 27.994 GC heap after
{Heap after GC invocations=28 (full 0):
 garbage-first heap   total 131072K, used 83661K [0x00000000a0000000, 0x0000000100000000)
  region size 1024K, 4 young (4096K), 4 survivors (4096K)
 Metaspace       used 78374K, capacity 80546K, committed 80796K, reserved 1120256K
  class space    used 10192K, capacity 11004K, committed 11008K, reserved 1048576K
}
Event: 28.308 GC heap before
{Heap before GC invocations=28 (full 0):
 garbage-first heap   total 131072K, used 97997K [0x00000000a0000000, 0x0000000100000000)
  region size 1024K, 19 young (19456K), 4 survivors (4096K)
 Metaspace       used 78892K, capacity 81205K, committed 81436K, reserved 1120256K
  class space    used 10241K, capacity 11085K, committed 11136K, reserved 1048576K
}
Event: 28.317 GC heap after
{Heap after GC invocations=29 (full 0):
 garbage-first heap   total 157696K, used 84121K [0x00000000a0000000, 0x0000000100000000)
  region size 1024K, 2 young (2048K), 2 survivors (2048K)
 Metaspace       used 78892K, capacity 81205K, committed 81436K, reserved 1120256K
  class space    used 10241K, capacity 11085K, committed 11136K, reserved 1048576K
}
Event: 29.358 GC heap before
{Heap before GC invocations=30 (full 0):
 garbage-first heap   total 157696K, used 124057K [0x00000000a0000000, 0x0000000100000000)
  region size 1024K, 40 young (40960K), 2 survivors (2048K)
 Metaspace       used 80909K, capacity 83302K, committed 83612K, reserved 1122304K
  class space    used 10563K, capacity 11434K, committed 11520K, reserved 1048576K
}
Event: 29.368 GC heap after
{Heap after GC invocations=31 (full 0):
 garbage-first heap   total 157696K, used 92307K [0x00000000a0000000, 0x0000000100000000)
  region size 1024K, 5 young (5120K), 5 survivors (5120K)
 Metaspace       used 80909K, capacity 83302K, committed 83612K, reserved 1122304K
  class space    used 10563K, capacity 11434K, committed 11520K, reserved 1048576K
}
Event: 29.980 GC heap before
{Heap before GC invocations=31 (full 0):
 garbage-first heap   total 157696K, used 127123K [0x00000000a0000000, 0x0000000100000000)
  region size 1024K, 39 young (39936K), 5 survivors (5120K)
 Metaspace       used 83699K, capacity 86113K, committed 86300K, reserved 1124352K
  class space    used 10951K, capacity 11811K, committed 11904K, reserved 1048576K
}
Event: 29.996 GC heap after
{Heap after GC invocations=32 (full 0):
 garbage-first heap   total 157696K, used 94860K [0x00000000a0000000, 0x0000000100000000)
  region size 1024K, 3 young (3072K), 3 survivors (3072K)
 Metaspace       used 83699K, capacity 86113K, committed 86300K, reserved 1124352K
  class space    used 10951K, capacity 11811K, committed 11904K, reserved 1048576K
}
Event: 31.068 GC heap before
{Heap before GC invocations=33 (full 0):
 garbage-first heap   total 157696K, used 128652K [0x00000000a0000000, 0x0000000100000000)
  region size 1024K, 36 young (36864K), 3 survivors (3072K)
 Metaspace       used 86988K, capacity 89396K, committed 89628K, reserved 1126400K
  class space    used 11385K, capacity 12291K, committed 12416K, reserved 1048576K
}
Event: 31.079 GC heap after
{Heap after GC invocations=34 (full 0):
 garbage-first heap   total 157696K, used 97082K [0x00000000a0000000, 0x0000000100000000)
  region size 1024K, 5 young (5120K), 5 survivors (5120K)
 Metaspace       used 86988K, capacity 89396K, committed 89628K, reserved 1126400K
  class space    used 11385K, capacity 12291K, committed 12416K, reserved 1048576K
}
Event: 32.181 GC heap before
{Heap before GC invocations=34 (full 0):
 garbage-first heap   total 157696K, used 130874K [0x00000000a0000000, 0x0000000100000000)
  region size 1024K, 38 young (38912K), 5 survivors (5120K)
 Metaspace       used 88580K, capacity 90995K, committed 91292K, reserved 1128448K
  class space    used 11590K, capacity 12486K, committed 12544K, reserved 1048576K
}
Event: 32.194 GC heap after
{Heap after GC invocations=35 (full 0):
 garbage-first heap   total 157696K, used 100616K [0x00000000a0000000, 0x0000000100000000)
  region size 1024K, 5 young (5120K), 5 survivors (5120K)
 Metaspace       used 88580K, capacity 90995K, committed 91292K, reserved 1128448K
  class space    used 11590K, capacity 12486K, committed 12544K, reserved 1048576K
}
Event: 33.623 GC heap before
{Heap before GC invocations=36 (full 0):
 garbage-first heap   total 157696K, used 130312K [0x00000000a0000000, 0x0000000100000000)
  region size 1024K, 35 young (35840K), 5 survivors (5120K)
 Metaspace       used 91598K, capacity 94228K, committed 94236K, reserved 1130496K
  class space    used 11950K, capacity 12920K, committed 12928K, reserved 1048576K
}
Event: 33.641 GC heap after
{Heap after GC invocations=37 (full 0):
 garbage-first heap   total 157696K, used 105812K [0x00000000a0000000, 0x0000000100000000)
  region size 1024K, 5 young (5120K), 5 survivors (5120K)
 Metaspace       used 91598K, capacity 94228K, committed 94236K, reserved 1130496K
  class space    used 11950K, capacity 12920K, committed 12928K, reserved 1048576K
}
Event: 35.154 GC heap before
{Heap before GC invocations=37 (full 0):
 garbage-first heap   total 157696K, used 131412K [0x00000000a0000000, 0x0000000100000000)
  region size 1024K, 30 young (30720K), 5 survivors (5120K)
 Metaspace       used 91884K, capacity 94517K, committed 94620K, reserved 1130496K
  class space    used 12003K, capacity 12992K, committed 13056K, reserved 1048576K
}
Event: 35.166 GC heap after
{Heap after GC invocations=38 (full 0):
 garbage-first heap   total 157696K, used 106977K [0x00000000a0000000, 0x0000000100000000)
  region size 1024K, 2 young (2048K), 2 survivors (2048K)
 Metaspace       used 91884K, capacity 94517K, committed 94620K, reserved 1130496K
  class space    used 12003K, capacity 12992K, committed 13056K, reserved 1048576K
}

